Flow report for 500W1200W
Wed Mar 07 11:31:31 2018
Quartus II 64-Bit Version 13.1.0 Build 162 10/23/2013 SJ Full Version


---------------------
; Table of Contents ;
---------------------
  1. Legal Notice
  2. Flow Summary
  3. Flow Settings
  4. Flow Non-Default Global Settings
  5. Flow Elapsed Time
  6. Flow OS Summary
  7. Flow Log
  8. Flow Messages
  9. Flow Suppressed Messages



----------------
; Legal Notice ;
----------------
Copyright (C) 1991-2013 Altera Corporation
Your use of Altera Corporation's design tools, logic functions 
and other software and tools, and its AMPP partner logic 
functions, and any output files from any of the foregoing 
(including device programming or simulation files), and any 
associated documentation or information are expressly subject 
to the terms and conditions of the Altera Program License 
Subscription Agreement, Altera MegaCore Function License 
Agreement, or other applicable license agreement, including, 
without limitation, that your use is for the sole purpose of 
programming logic devices manufactured by Altera and sold by 
Altera or its authorized distributors.  Please refer to the 
applicable agreement for further details.



+----------------------------------------------------------------------------------+
; Flow Summary                                                                     ;
+------------------------------------+---------------------------------------------+
; Flow Status                        ; Successful - Wed Mar 07 11:31:31 2018       ;
; Quartus II 64-Bit Version          ; 13.1.0 Build 162 10/23/2013 SJ Full Version ;
; Revision Name                      ; 500W1200W                                   ;
; Top-level Entity Name              ; timing                                      ;
; Family                             ; Cyclone IV E                                ;
; Device                             ; EP4CE10E22C8                                ;
; Timing Models                      ; Final                                       ;
; Total logic elements               ; 10,161 / 10,320 ( 98 % )                    ;
;     Total combinational functions  ; 9,415 / 10,320 ( 91 % )                     ;
;     Dedicated logic registers      ; 6,053 / 10,320 ( 59 % )                     ;
; Total registers                    ; 6053                                        ;
; Total pins                         ; 69 / 92 ( 75 % )                            ;
; Total virtual pins                 ; 0                                           ;
; Total memory bits                  ; 143,360 / 423,936 ( 34 % )                  ;
; Embedded Multiplier 9-bit elements ; 7 / 46 ( 15 % )                             ;
; Total PLLs                         ; 1 / 2 ( 50 % )                              ;
+------------------------------------+---------------------------------------------+


+-----------------------------------------+
; Flow Settings                           ;
+-------------------+---------------------+
; Option            ; Setting             ;
+-------------------+---------------------+
; Start date & time ; 03/07/2018 11:28:59 ;
; Main task         ; Compilation         ;
; Revision Name     ; 500W1200W           ;
+-------------------+---------------------+


+---------------------------------------------------------------------------------------------------------------------------------------------------------------------------------------------------------------------------------------------------------------------------------------------------------------------------------------------------------------------------------------------------+
; Flow Non-Default Global Settings                                                                                                                                                                                                                                                                                                                                                                  ;
+--------------------------------------+-----------------------------------------------------------------------------------------------------------------------------------------------------------------------------------------------------------------------------------------------------------------------------------------------------------+---------------+-------------+------------------+
; Assignment Name                      ; Value                                                                                                                                                                                                                                                                                                     ; Default Value ; Entity Name ; Section Id       ;
+--------------------------------------+-----------------------------------------------------------------------------------------------------------------------------------------------------------------------------------------------------------------------------------------------------------------------------------------------------------+---------------+-------------+------------------+
; COMPILER_SIGNATURE_ID                ; 93383156214151.152039333905452                                                                                                                                                                                                                                                                            ; --            ; --          ; --               ;
; EDA_DESIGN_INSTANCE_NAME             ; NA                                                                                                                                                                                                                                                                                                        ; --            ; --          ; pwm              ;
; EDA_DESIGN_INSTANCE_NAME             ; NA                                                                                                                                                                                                                                                                                                        ; --            ; --          ; timing           ;
; EDA_DESIGN_INSTANCE_NAME             ; NA                                                                                                                                                                                                                                                                                                        ; --            ; --          ; ccs_sw_ctl       ;
; EDA_DESIGN_INSTANCE_NAME             ; NA                                                                                                                                                                                                                                                                                                        ; --            ; --          ; wmt_detect       ;
; EDA_NATIVELINK_SIMULATION_TEST_BENCH ; timing                                                                                                                                                                                                                                                                                                    ; --            ; --          ; eda_simulation   ;
; EDA_OUTPUT_DATA_FORMAT               ; Verilog Hdl                                                                                                                                                                                                                                                                                               ; --            ; --          ; eda_simulation   ;
; EDA_SIMULATION_TOOL                  ; ModelSim-Altera (Verilog)                                                                                                                                                                                                                                                                                 ; <None>        ; --          ; --               ;
; EDA_TEST_BENCH_ENABLE_STATUS         ; NOT_USED                                                                                                                                                                                                                                                                                                  ; --            ; --          ; eda_simulation   ;
; EDA_TEST_BENCH_FILE                  ; simulation/modelsim/pwm.vt                                                                                                                                                                                                                                                                                ; --            ; --          ; pwm              ;
; EDA_TEST_BENCH_FILE                  ; simulation/modelsim/timing.vt                                                                                                                                                                                                                                                                             ; --            ; --          ; timing           ;
; EDA_TEST_BENCH_FILE                  ; simulation/modelsim/ccs_sw_ctl.vt                                                                                                                                                                                                                                                                         ; --            ; --          ; ccs_sw_ctl       ;
; EDA_TEST_BENCH_FILE                  ; simulation/modelsim/wmt_detect.vt                                                                                                                                                                                                                                                                         ; --            ; --          ; wmt_detect       ;
; EDA_TEST_BENCH_MODULE_NAME           ; pwm_vlg_tst                                                                                                                                                                                                                                                                                               ; --            ; --          ; pwm              ;
; EDA_TEST_BENCH_MODULE_NAME           ; timing_vlg_tst                                                                                                                                                                                                                                                                                            ; --            ; --          ; timing           ;
; EDA_TEST_BENCH_MODULE_NAME           ; ccs_sw_ctl_vlg_tst                                                                                                                                                                                                                                                                                        ; --            ; --          ; ccs_sw_ctl       ;
; EDA_TEST_BENCH_MODULE_NAME           ; wmt_detect_vlg_tst                                                                                                                                                                                                                                                                                        ; --            ; --          ; wmt_detect       ;
; EDA_TEST_BENCH_NAME                  ; pwm                                                                                                                                                                                                                                                                                                       ; --            ; --          ; eda_simulation   ;
; EDA_TEST_BENCH_NAME                  ; timing                                                                                                                                                                                                                                                                                                    ; --            ; --          ; eda_simulation   ;
; EDA_TEST_BENCH_NAME                  ; ccs_sw_ctl                                                                                                                                                                                                                                                                                                ; --            ; --          ; eda_simulation   ;
; EDA_TEST_BENCH_NAME                  ; wmt_detect                                                                                                                                                                                                                                                                                                ; --            ; --          ; eda_simulation   ;
; EDA_TEST_BENCH_RUN_SIM_FOR           ; 10 ms                                                                                                                                                                                                                                                                                                     ; --            ; --          ; pwm              ;
; EDA_TEST_BENCH_RUN_SIM_FOR           ; 10 ms                                                                                                                                                                                                                                                                                                     ; --            ; --          ; timing           ;
; EDA_TEST_BENCH_RUN_SIM_FOR           ; 5 ms                                                                                                                                                                                                                                                                                                      ; --            ; --          ; ccs_sw_ctl       ;
; EDA_TEST_BENCH_RUN_SIM_FOR           ; 10 ms                                                                                                                                                                                                                                                                                                     ; --            ; --          ; wmt_detect       ;
; EDA_TIME_SCALE                       ; 1 ps                                                                                                                                                                                                                                                                                                      ; --            ; --          ; eda_simulation   ;
; ENABLE_SIGNALTAP                     ; On                                                                                                                                                                                                                                                                                                        ; --            ; --          ; --               ;
; IP_TOOL_NAME                         ; LPM_MULT                                                                                                                                                                                                                                                                                                  ; --            ; --          ; --               ;
; IP_TOOL_NAME                         ; LPM_MULT                                                                                                                                                                                                                                                                                                  ; --            ; --          ; --               ;
; IP_TOOL_NAME                         ; LPM_DIVIDE                                                                                                                                                                                                                                                                                                ; --            ; --          ; --               ;
; IP_TOOL_NAME                         ; ALTPLL                                                                                                                                                                                                                                                                                                    ; --            ; --          ; --               ;
; IP_TOOL_NAME                         ; RAM: 2-PORT                                                                                                                                                                                                                                                                                               ; --            ; --          ; --               ;
; IP_TOOL_NAME                         ; LPM_MULT                                                                                                                                                                                                                                                                                                  ; --            ; --          ; --               ;
; IP_TOOL_VERSION                      ; 13.1                                                                                                                                                                                                                                                                                                      ; --            ; --          ; --               ;
; IP_TOOL_VERSION                      ; 13.1                                                                                                                                                                                                                                                                                                      ; --            ; --          ; --               ;
; IP_TOOL_VERSION                      ; 13.1                                                                                                                                                                                                                                                                                                      ; --            ; --          ; --               ;
; IP_TOOL_VERSION                      ; 13.1                                                                                                                                                                                                                                                                                                      ; --            ; --          ; --               ;
; IP_TOOL_VERSION                      ; 13.1                                                                                                                                                                                                                                                                                                      ; --            ; --          ; --               ;
; IP_TOOL_VERSION                      ; 13.1                                                                                                                                                                                                                                                                                                      ; --            ; --          ; --               ;
; MAX_CORE_JUNCTION_TEMP               ; 85                                                                                                                                                                                                                                                                                                        ; --            ; --          ; --               ;
; MIN_CORE_JUNCTION_TEMP               ; 0                                                                                                                                                                                                                                                                                                         ; --            ; --          ; --               ;
; MISC_FILE                            ; ioppinteg_mult_bb.v                                                                                                                                                                                                                                                                                       ; --            ; --          ; --               ;
; MISC_FILE                            ; pwm_mult_bb.v                                                                                                                                                                                                                                                                                             ; --            ; --          ; --               ;
; MISC_FILE                            ; pwm_div_bb.v                                                                                                                                                                                                                                                                                              ; --            ; --          ; --               ;
; MISC_FILE                            ; pll_bb.v                                                                                                                                                                                                                                                                                                  ; --            ; --          ; --               ;
; MISC_FILE                            ; pll.ppf                                                                                                                                                                                                                                                                                                   ; --            ; --          ; --               ;
; MISC_FILE                            ; ram_bb.v                                                                                                                                                                                                                                                                                                  ; --            ; --          ; --               ;
; MISC_FILE                            ; ang_kdaset_mult_bb.v                                                                                                                                                                                                                                                                                      ; --            ; --          ; --               ;
; NUM_PARALLEL_PROCESSORS              ; All                                                                                                                                                                                                                                                                                                       ; --            ; --          ; --               ;
; OUTPUT_IO_TIMING_FAR_END_VMEAS       ; Half Signal Swing                                                                                                                                                                                                                                                                                         ; --            ; --          ; --               ;
; OUTPUT_IO_TIMING_FAR_END_VMEAS       ; Half Signal Swing                                                                                                                                                                                                                                                                                         ; --            ; --          ; --               ;
; OUTPUT_IO_TIMING_NEAR_END_VMEAS      ; Half Vccio                                                                                                                                                                                                                                                                                                ; --            ; --          ; --               ;
; OUTPUT_IO_TIMING_NEAR_END_VMEAS      ; Half Vccio                                                                                                                                                                                                                                                                                                ; --            ; --          ; --               ;
; PARTITION_COLOR                      ; 16764057                                                                                                                                                                                                                                                                                                  ; --            ; timing      ; Top              ;
; PARTITION_FITTER_PRESERVATION_LEVEL  ; PLACEMENT_AND_ROUTING                                                                                                                                                                                                                                                                                     ; --            ; timing      ; Top              ;
; PARTITION_NETLIST_TYPE               ; SOURCE                                                                                                                                                                                                                                                                                                    ; --            ; timing      ; Top              ;
; POWER_BOARD_THERMAL_MODEL            ; None (CONSERVATIVE)                                                                                                                                                                                                                                                                                       ; --            ; --          ; --               ;
; POWER_PRESET_COOLING_SOLUTION        ; 23 MM HEAT SINK WITH 200 LFPM AIRFLOW                                                                                                                                                                                                                                                                     ; --            ; --          ; --               ;
; SEARCH_PATH                          ; simulation/modelsim/                                                                                                                                                                                                                                                                                      ; --            ; --          ; --               ;
; SLD_FILE                             ; db/stp2_auto_stripped.stp                                                                                                                                                                                                                                                                                 ; --            ; --          ; --               ;
; SLD_NODE_CREATOR_ID                  ; 110                                                                                                                                                                                                                                                                                                       ; --            ; --          ; auto_signaltap_0 ;
; SLD_NODE_ENTITY_NAME                 ; sld_signaltap                                                                                                                                                                                                                                                                                             ; --            ; --          ; auto_signaltap_0 ;
; SLD_NODE_PARAMETER_ASSIGNMENT        ; SLD_RAM_BLOCK_TYPE=AUTO                                                                                                                                                                                                                                                                                   ; --            ; --          ; auto_signaltap_0 ;
; SLD_NODE_PARAMETER_ASSIGNMENT        ; SLD_NODE_INFO=805334528                                                                                                                                                                                                                                                                                   ; --            ; --          ; auto_signaltap_0 ;
; SLD_NODE_PARAMETER_ASSIGNMENT        ; SLD_POWER_UP_TRIGGER=0                                                                                                                                                                                                                                                                                    ; --            ; --          ; auto_signaltap_0 ;
; SLD_NODE_PARAMETER_ASSIGNMENT        ; SLD_SEGMENT_SIZE=2048                                                                                                                                                                                                                                                                                     ; --            ; --          ; auto_signaltap_0 ;
; SLD_NODE_PARAMETER_ASSIGNMENT        ; SLD_ATTRIBUTE_MEM_MODE=OFF                                                                                                                                                                                                                                                                                ; --            ; --          ; auto_signaltap_0 ;
; SLD_NODE_PARAMETER_ASSIGNMENT        ; SLD_STATE_FLOW_USE_GENERATED=0                                                                                                                                                                                                                                                                            ; --            ; --          ; auto_signaltap_0 ;
; SLD_NODE_PARAMETER_ASSIGNMENT        ; SLD_STATE_BITS=11                                                                                                                                                                                                                                                                                         ; --            ; --          ; auto_signaltap_0 ;
; SLD_NODE_PARAMETER_ASSIGNMENT        ; SLD_BUFFER_FULL_STOP=1                                                                                                                                                                                                                                                                                    ; --            ; --          ; auto_signaltap_0 ;
; SLD_NODE_PARAMETER_ASSIGNMENT        ; SLD_CURRENT_RESOURCE_WIDTH=1                                                                                                                                                                                                                                                                              ; --            ; --          ; auto_signaltap_0 ;
; SLD_NODE_PARAMETER_ASSIGNMENT        ; SLD_STORAGE_QUALIFIER_GAP_RECORD=1                                                                                                                                                                                                                                                                        ; --            ; --          ; auto_signaltap_0 ;
; SLD_NODE_PARAMETER_ASSIGNMENT        ; SLD_STORAGE_QUALIFIER_MODE=TRANSITIONAL                                                                                                                                                                                                                                                                   ; --            ; --          ; auto_signaltap_0 ;
; SLD_NODE_PARAMETER_ASSIGNMENT        ; SLD_TRIGGER_LEVEL=1                                                                                                                                                                                                                                                                                       ; --            ; --          ; auto_signaltap_0 ;
; SLD_NODE_PARAMETER_ASSIGNMENT        ; SLD_SAMPLE_DEPTH=2048                                                                                                                                                                                                                                                                                     ; --            ; --          ; auto_signaltap_0 ;
; SLD_NODE_PARAMETER_ASSIGNMENT        ; SLD_TRIGGER_IN_ENABLED=0                                                                                                                                                                                                                                                                                  ; --            ; --          ; auto_signaltap_0 ;
; SLD_NODE_PARAMETER_ASSIGNMENT        ; SLD_ADVANCED_TRIGGER_ENTITY=basic,1,                                                                                                                                                                                                                                                                      ; --            ; --          ; auto_signaltap_0 ;
; SLD_NODE_PARAMETER_ASSIGNMENT        ; SLD_TRIGGER_LEVEL_PIPELINE=1                                                                                                                                                                                                                                                                              ; --            ; --          ; auto_signaltap_0 ;
; SLD_NODE_PARAMETER_ASSIGNMENT        ; SLD_ENABLE_ADVANCED_TRIGGER=0                                                                                                                                                                                                                                                                             ; --            ; --          ; auto_signaltap_0 ;
; SLD_NODE_PARAMETER_ASSIGNMENT        ; SLD_DATA_BITS=63                                                                                                                                                                                                                                                                                          ; --            ; --          ; auto_signaltap_0 ;
; SLD_NODE_PARAMETER_ASSIGNMENT        ; SLD_TRIGGER_BITS=63                                                                                                                                                                                                                                                                                       ; --            ; --          ; auto_signaltap_0 ;
; SLD_NODE_PARAMETER_ASSIGNMENT        ; SLD_STORAGE_QUALIFIER_BITS=63                                                                                                                                                                                                                                                                             ; --            ; --          ; auto_signaltap_0 ;
; SLD_NODE_PARAMETER_ASSIGNMENT        ; SLD_INVERSION_MASK=00000000000000000000000000000000000000000000000000000000000000000000000000000000000000000000000000000000000000000000000000000000000000000000000000000000000000000000000000000000000000000000000000000000000000000000000000000000000000000000000000000000000000000000000000000000000000 ; --            ; --          ; auto_signaltap_0 ;
; SLD_NODE_PARAMETER_ASSIGNMENT        ; SLD_INVERSION_MASK_LENGTH=278                                                                                                                                                                                                                                                                             ; --            ; --          ; auto_signaltap_0 ;
; SLD_NODE_PARAMETER_ASSIGNMENT        ; SLD_STORAGE_QUALIFIER_INVERSION_MASK_LENGTH=64                                                                                                                                                                                                                                                            ; --            ; --          ; auto_signaltap_0 ;
; SLD_NODE_PARAMETER_ASSIGNMENT        ; SLD_NODE_CRC_LOWORD=41246                                                                                                                                                                                                                                                                                 ; --            ; --          ; auto_signaltap_0 ;
; SLD_NODE_PARAMETER_ASSIGNMENT        ; SLD_NODE_CRC_HIWORD=12582                                                                                                                                                                                                                                                                                 ; --            ; --          ; auto_signaltap_0 ;
; SMART_RECOMPILE                      ; On                                                                                                                                                                                                                                                                                                        ; Off           ; --          ; --               ;
; TOP_LEVEL_ENTITY                     ; timing                                                                                                                                                                                                                                                                                                    ; 500W1200W     ; --          ; --               ;
; USE_SIGNALTAP_FILE                   ; stp2.stp                                                                                                                                                                                                                                                                                                  ; --            ; --          ; --               ;
+--------------------------------------+-----------------------------------------------------------------------------------------------------------------------------------------------------------------------------------------------------------------------------------------------------------------------------------------------------------+---------------+-------------+------------------+


+-------------------------------------------------------------------------------------------------------------------------------+
; Flow Elapsed Time                                                                                                             ;
+---------------------------+--------------+-------------------------+---------------------+------------------------------------+
; Module Name               ; Elapsed Time ; Average Processors Used ; Peak Virtual Memory ; Total CPU Time (on all processors) ;
+---------------------------+--------------+-------------------------+---------------------+------------------------------------+
; Analysis & Synthesis      ; 00:00:51     ; 1.0                     ; 703 MB              ; 00:00:48                           ;
; Fitter                    ; 00:00:58     ; 1.3                     ; 1272 MB             ; 00:01:07                           ;
; Assembler                 ; 00:00:03     ; 1.0                     ; 512 MB              ; 00:00:03                           ;
; TimeQuest Timing Analyzer ; 00:00:12     ; 1.2                     ; 681 MB              ; 00:00:12                           ;
; EDA Netlist Writer        ; 00:00:14     ; 1.0                     ; 561 MB              ; 00:00:13                           ;
; Total                     ; 00:02:18     ; --                      ; --                  ; 00:02:23                           ;
+---------------------------+--------------+-------------------------+---------------------+------------------------------------+


+----------------------------------------------------------------------------------------+
; Flow OS Summary                                                                        ;
+---------------------------+------------------+-----------+------------+----------------+
; Module Name               ; Machine Hostname ; OS Name   ; OS Version ; Processor type ;
+---------------------------+------------------+-----------+------------+----------------+
; Analysis & Synthesis      ; PC-DZGC          ; Windows 7 ; 6.2        ; x86_64         ;
; Fitter                    ; PC-DZGC          ; Windows 7 ; 6.2        ; x86_64         ;
; Assembler                 ; PC-DZGC          ; Windows 7 ; 6.2        ; x86_64         ;
; TimeQuest Timing Analyzer ; PC-DZGC          ; Windows 7 ; 6.2        ; x86_64         ;
; EDA Netlist Writer        ; PC-DZGC          ; Windows 7 ; 6.2        ; x86_64         ;
+---------------------------+------------------+-----------+------------+----------------+


------------
; Flow Log ;
------------
quartus_map --read_settings_files=on --write_settings_files=off 500W1200W -c 500W1200W
quartus_fit --read_settings_files=off --write_settings_files=off 500W1200W -c 500W1200W
quartus_asm --read_settings_files=off --write_settings_files=off 500W1200W -c 500W1200W
quartus_sta 500W1200W -c 500W1200W
quartus_eda --read_settings_files=off --write_settings_files=off 500W1200W -c 500W1200W



